[2025-12-10 15:53:10.884] [file_logger] [info] Logging initialized. level=info
[2025-12-10 15:53:10.884] [file_logger] [info] ClusteredTriangulationAlgorithm2: Device 'bad2f21127106f2a' has 70 data points
[2025-12-10 15:53:10.885] [file_logger] [info] ClusteredTriangulationBase: optimized path. Length reduced from 461.84m to 377.09m (3 iterations)
[2025-12-10 15:53:10.885] [file_logger] [info] ClusteredTriangulationAlgorithm2: using OpenMP with 12 threads, per-seed timeout: 5.00s
[2025-12-10 15:53:11.582] [file_logger] [info] ClusteredTriangulationAlgorithm2: added cluster with 4 points, score 2.69
[2025-12-10 15:53:11.582] [file_logger] [info] ClusteredTriangulationAlgorithm2: added cluster with 3 points, score 2.18
[2025-12-10 15:53:11.582] [file_logger] [info] ClusteredTriangulationAlgorithm2: added cluster with 3 points, score 2.76
[2025-12-10 15:53:11.582] [file_logger] [info] ClusteredTriangulationAlgorithm2: added cluster with 4 points, score 2.73
[2025-12-10 15:53:11.582] [file_logger] [info] ClusteredTriangulationAlgorithm2: added cluster with 3 points, score 2.52
[2025-12-10 15:53:11.582] [file_logger] [info] ClusteredTriangulationAlgorithm2: added cluster with 3 points, score 1.50
[2025-12-10 15:53:11.582] [file_logger] [info] ClusteredTriangulationAlgorithm2: added cluster with 3 points, score 2.28
[2025-12-10 15:53:11.582] [file_logger] [info] ClusteredTriangulationAlgorithm2: added cluster with 3 points, score 2.63
[2025-12-10 15:53:11.582] [file_logger] [info] ClusteredTriangulationAlgorithm2: added cluster with 3 points, score 2.40
[2025-12-10 15:53:11.582] [file_logger] [info] ClusteredTriangulationAlgorithm2: added cluster with 3 points, score 2.74
[2025-12-10 15:53:11.582] [file_logger] [info] ClusteredTriangulationAlgorithm2: added cluster with 4 points, score 2.68
[2025-12-10 15:53:11.582] [file_logger] [info] ClusteredTriangulationAlgorithm2: added cluster with 3 points, score 2.53
[2025-12-10 15:53:11.582] [file_logger] [info] ClusteredTriangulationAlgorithm2: === Performance Summary ===
[2025-12-10 15:53:11.582] [file_logger] [info]   Total combinations explored: 7480936
[2025-12-10 15:53:11.582] [file_logger] [info]   Total clustering time: 696.62 ms
[2025-12-10 15:53:11.582] [file_logger] [info] ClusteredTriangulationAlgorithm2: added 12 clusters from this device (12 total)
[2025-12-10 15:53:11.582] [file_logger] [info] ClusteredTriangulationAlgorithm2: formed a total of 12 clusters from 70 data points
[2025-12-10 15:53:11.582] [file_logger] [info] ClusteredTriangulationBase: cluster AoA estimated at -139.7015837576998 degrees (grad_x=-0.5166694562963752, grad_y=-0.43814301082776635)
[2025-12-10 15:53:11.582] [file_logger] [info] ClusteredTriangulationBase: cluster AoA estimated at -126.65199599927577 degrees (grad_x=-0.6805057615436882, grad_y=-0.9145666685910717)
[2025-12-10 15:53:11.582] [file_logger] [info] ClusteredTriangulationBase: cluster AoA estimated at 134.52599679429295 degrees (grad_x=-0.3386176740202877, grad_y=0.3442672529602129)
[2025-12-10 15:53:11.582] [file_logger] [info] ClusteredTriangulationBase: cluster AoA estimated at -173.79285711722 degrees (grad_x=-0.5748590856844443, grad_y=-0.06252219391511682)
[2025-12-10 15:53:11.582] [file_logger] [info] ClusteredTriangulationBase: cluster AoA estimated at -113.30910876628924 degrees (grad_x=-0.21211141883361595, grad_y=-0.4923017535920091)
[2025-12-10 15:53:11.582] [file_logger] [info] ClusteredTriangulationBase: cluster AoA estimated at -179.52176885188427 degrees (grad_x=-0.1787802619876846, grad_y=-0.0014922613186838518)
[2025-12-10 15:53:11.582] [file_logger] [info] ClusteredTriangulationBase: cluster AoA estimated at 72.52157789524814 degrees (grad_x=0.2626554337303926, grad_y=0.8341318459151121)
[2025-12-10 15:53:11.582] [file_logger] [info] ClusteredTriangulationBase: cluster AoA estimated at 103.20137753502564 degrees (grad_x=-0.12031281077345657, grad_y=0.5129008184001469)
[2025-12-10 15:53:11.582] [file_logger] [info] ClusteredTriangulationBase: cluster AoA estimated at -168.1698128356136 degrees (grad_x=-0.9092552997295881, grad_y=-0.1904533467774678)
[2025-12-10 15:53:11.582] [file_logger] [info] ClusteredTriangulationBase: cluster AoA estimated at -32.2678393376258 degrees (grad_x=0.44666778866168055, grad_y=-0.2820208618152473)
[2025-12-10 15:53:11.582] [file_logger] [info] ClusteredTriangulationBase: cluster AoA estimated at 28.62106116282775 degrees (grad_x=0.39493348922924243, grad_y=0.21551309267950236)
[2025-12-10 15:53:11.582] [file_logger] [info] ClusteredTriangulationBase: cluster AoA estimated at 97.42905533939211 degrees (grad_x=-0.22552224353481254, grad_y=1.7295575960315346)
[2025-12-10 15:53:11.749] [file_logger] [info] ClusteredTriangulationAlgorithm2: brute force search iteration found best point (x=-34.3, y=9.9) with cost 3462.5525871211057
[2025-12-10 15:53:11.872] [file_logger] [info] ClusteredTriangulationAlgorithm2: brute force search iteration found best point (x=-34.3, y=9.9) with cost 3462.5525871211057
[2025-12-10 15:53:11.872] [file_logger] [info] ClusteredTriangulationAlgorithm2: brute force search completed with best point (x=-34.3, y=9.9) and cost 3462.5525871211057
[2025-12-10 15:54:03.461] [file_logger] [info] Logging initialized. level=info
[2025-12-10 15:54:03.461] [file_logger] [info] ClusteredTriangulationAlgorithm2: Device 'bad2f21127106f2a' has 70 data points
[2025-12-10 15:54:03.462] [file_logger] [info] ClusteredTriangulationBase: optimized path. Length reduced from 461.84m to 377.09m (3 iterations)
[2025-12-10 15:54:03.462] [file_logger] [info] ClusteredTriangulationAlgorithm2: using OpenMP with 12 threads, per-seed timeout: 5.00s
[2025-12-10 15:54:04.183] [file_logger] [info] ClusteredTriangulationAlgorithm2: added cluster with 4 points, score 2.72
[2025-12-10 15:54:04.183] [file_logger] [info] ClusteredTriangulationAlgorithm2: added cluster with 3 points, score 2.18
[2025-12-10 15:54:04.183] [file_logger] [info] ClusteredTriangulationAlgorithm2: added cluster with 3 points, score 2.76
[2025-12-10 15:54:04.183] [file_logger] [info] ClusteredTriangulationAlgorithm2: added cluster with 4 points, score 2.73
[2025-12-10 15:54:04.183] [file_logger] [info] ClusteredTriangulationAlgorithm2: added cluster with 3 points, score 2.52
[2025-12-10 15:54:04.183] [file_logger] [info] ClusteredTriangulationAlgorithm2: added cluster with 3 points, score 1.50
[2025-12-10 15:54:04.183] [file_logger] [info] ClusteredTriangulationAlgorithm2: added cluster with 3 points, score 2.28
[2025-12-10 15:54:04.183] [file_logger] [info] ClusteredTriangulationAlgorithm2: added cluster with 3 points, score 2.63
[2025-12-10 15:54:04.183] [file_logger] [info] ClusteredTriangulationAlgorithm2: added cluster with 3 points, score 2.40
[2025-12-10 15:54:04.183] [file_logger] [info] ClusteredTriangulationAlgorithm2: added cluster with 3 points, score 2.74
[2025-12-10 15:54:04.183] [file_logger] [info] ClusteredTriangulationAlgorithm2: added cluster with 4 points, score 2.68
[2025-12-10 15:54:04.183] [file_logger] [info] ClusteredTriangulationAlgorithm2: added cluster with 3 points, score 2.53
[2025-12-10 15:54:04.183] [file_logger] [info] ClusteredTriangulationAlgorithm2: === Performance Summary ===
[2025-12-10 15:54:04.183] [file_logger] [info]   Total combinations explored: 7480936
[2025-12-10 15:54:04.183] [file_logger] [info]   Total clustering time: 720.99 ms
[2025-12-10 15:54:04.183] [file_logger] [info] ClusteredTriangulationAlgorithm2: added 12 clusters from this device (12 total)
[2025-12-10 15:54:04.183] [file_logger] [info] ClusteredTriangulationAlgorithm2: formed a total of 12 clusters from 70 data points
[2025-12-10 15:54:04.183] [file_logger] [info] ClusteredTriangulationBase: cluster AoA estimated at -139.7015837576998 degrees (grad_x=-0.5166694562963752, grad_y=-0.43814301082776635)
[2025-12-10 15:54:04.183] [file_logger] [info] ClusteredTriangulationBase: cluster AoA estimated at -126.65199599927577 degrees (grad_x=-0.6805057615436882, grad_y=-0.9145666685910717)
[2025-12-10 15:54:04.183] [file_logger] [info] ClusteredTriangulationBase: cluster AoA estimated at 134.52599679429295 degrees (grad_x=-0.3386176740202877, grad_y=0.3442672529602129)
[2025-12-10 15:54:04.183] [file_logger] [info] ClusteredTriangulationBase: cluster AoA estimated at -173.79285711722 degrees (grad_x=-0.5748590856844443, grad_y=-0.06252219391511682)
[2025-12-10 15:54:04.183] [file_logger] [info] ClusteredTriangulationBase: cluster AoA estimated at -113.30910876628924 degrees (grad_x=-0.21211141883361595, grad_y=-0.4923017535920091)
[2025-12-10 15:54:04.183] [file_logger] [info] ClusteredTriangulationBase: cluster AoA estimated at -179.52176885188427 degrees (grad_x=-0.1787802619876846, grad_y=-0.0014922613186838518)
[2025-12-10 15:54:04.183] [file_logger] [info] ClusteredTriangulationBase: cluster AoA estimated at 72.52157789524814 degrees (grad_x=0.2626554337303926, grad_y=0.8341318459151121)
[2025-12-10 15:54:04.183] [file_logger] [info] ClusteredTriangulationBase: cluster AoA estimated at 103.20137753502564 degrees (grad_x=-0.12031281077345657, grad_y=0.5129008184001469)
[2025-12-10 15:54:04.183] [file_logger] [info] ClusteredTriangulationBase: cluster AoA estimated at -168.1698128356136 degrees (grad_x=-0.9092552997295881, grad_y=-0.1904533467774678)
[2025-12-10 15:54:04.183] [file_logger] [info] ClusteredTriangulationBase: cluster AoA estimated at -32.2678393376258 degrees (grad_x=0.44666778866168055, grad_y=-0.2820208618152473)
[2025-12-10 15:54:04.183] [file_logger] [info] ClusteredTriangulationBase: cluster AoA estimated at 28.62106116282775 degrees (grad_x=0.39493348922924243, grad_y=0.21551309267950236)
[2025-12-10 15:54:04.183] [file_logger] [info] ClusteredTriangulationBase: cluster AoA estimated at 97.42905533939211 degrees (grad_x=-0.22552224353481254, grad_y=1.7295575960315346)
[2025-12-10 15:54:04.332] [file_logger] [info] ClusteredTriangulationAlgorithm2: brute force search iteration found best point (x=-34.3, y=9.9) with cost 3463.502759553544
[2025-12-10 15:54:04.450] [file_logger] [info] ClusteredTriangulationAlgorithm2: brute force search iteration found best point (x=-34.3, y=9.9) with cost 3463.502759553544
[2025-12-10 15:54:04.450] [file_logger] [info] ClusteredTriangulationAlgorithm2: brute force search completed with best point (x=-34.3, y=9.9) and cost 3463.502759553544
[2025-12-10 15:59:36.877] [file_logger] [info] Logging initialized. level=info
[2025-12-10 15:59:36.878] [file_logger] [info] ClusteredTriangulationAlgorithm2: Device 'bad2f21127106f2a' has 70 data points
[2025-12-10 15:59:36.879] [file_logger] [info] ClusteredTriangulationBase: optimized path. Length reduced from 461.84m to 377.09m (3 iterations)
[2025-12-10 15:59:36.879] [file_logger] [info] ClusteredTriangulationAlgorithm2: using OpenMP with 12 threads, per-seed timeout: 5.00s
[2025-12-10 15:59:37.123] [file_logger] [info] ClusteredTriangulationAlgorithm2: added cluster with 4 points, score 2.69
[2025-12-10 15:59:37.123] [file_logger] [info] ClusteredTriangulationAlgorithm2: added cluster with 3 points, score 2.18
[2025-12-10 15:59:37.123] [file_logger] [info] ClusteredTriangulationAlgorithm2: added cluster with 3 points, score 2.76
[2025-12-10 15:59:37.123] [file_logger] [info] ClusteredTriangulationAlgorithm2: added cluster with 4 points, score 2.73
[2025-12-10 15:59:37.123] [file_logger] [info] ClusteredTriangulationAlgorithm2: added cluster with 3 points, score 2.52
[2025-12-10 15:59:37.123] [file_logger] [info] ClusteredTriangulationAlgorithm2: added cluster with 3 points, score 1.50
[2025-12-10 15:59:37.123] [file_logger] [info] ClusteredTriangulationAlgorithm2: added cluster with 3 points, score 2.28
[2025-12-10 15:59:37.123] [file_logger] [info] ClusteredTriangulationAlgorithm2: added cluster with 3 points, score 2.63
[2025-12-10 15:59:37.123] [file_logger] [info] ClusteredTriangulationAlgorithm2: added cluster with 3 points, score 2.40
[2025-12-10 15:59:37.123] [file_logger] [info] ClusteredTriangulationAlgorithm2: added cluster with 3 points, score 2.74
[2025-12-10 15:59:37.123] [file_logger] [info] ClusteredTriangulationAlgorithm2: added cluster with 4 points, score 2.68
[2025-12-10 15:59:37.123] [file_logger] [info] ClusteredTriangulationAlgorithm2: added cluster with 3 points, score 2.53
[2025-12-10 15:59:37.123] [file_logger] [info] ClusteredTriangulationAlgorithm2: === Performance Summary ===
[2025-12-10 15:59:37.123] [file_logger] [info]   Total combinations explored: 7480936
[2025-12-10 15:59:37.123] [file_logger] [info]   Total clustering time: 243.92 ms
[2025-12-10 15:59:37.123] [file_logger] [info] ClusteredTriangulationAlgorithm2: added 12 clusters from this device (12 total)
[2025-12-10 15:59:37.123] [file_logger] [info] ClusteredTriangulationAlgorithm2: formed a total of 12 clusters from 70 data points
[2025-12-10 15:59:37.123] [file_logger] [info] ClusteredTriangulationBase: cluster AoA estimated at -139.7015837576998 degrees (grad_x=-0.5166694562963752, grad_y=-0.43814301082776635)
[2025-12-10 15:59:37.123] [file_logger] [info] ClusteredTriangulationBase: cluster AoA estimated at -126.65199599927577 degrees (grad_x=-0.6805057615436882, grad_y=-0.9145666685910717)
[2025-12-10 15:59:37.123] [file_logger] [info] ClusteredTriangulationBase: cluster AoA estimated at 134.52599679429295 degrees (grad_x=-0.3386176740202877, grad_y=0.3442672529602129)
[2025-12-10 15:59:37.123] [file_logger] [info] ClusteredTriangulationBase: cluster AoA estimated at -173.79285711722 degrees (grad_x=-0.5748590856844443, grad_y=-0.06252219391511682)
[2025-12-10 15:59:37.123] [file_logger] [info] ClusteredTriangulationBase: cluster AoA estimated at -113.30910876628924 degrees (grad_x=-0.21211141883361595, grad_y=-0.4923017535920091)
[2025-12-10 15:59:37.123] [file_logger] [info] ClusteredTriangulationBase: cluster AoA estimated at -179.52176885188427 degrees (grad_x=-0.1787802619876846, grad_y=-0.0014922613186838518)
[2025-12-10 15:59:37.123] [file_logger] [info] ClusteredTriangulationBase: cluster AoA estimated at 72.52157789524814 degrees (grad_x=0.2626554337303926, grad_y=0.8341318459151121)
[2025-12-10 15:59:37.123] [file_logger] [info] ClusteredTriangulationBase: cluster AoA estimated at 103.20137753502564 degrees (grad_x=-0.12031281077345657, grad_y=0.5129008184001469)
[2025-12-10 15:59:37.123] [file_logger] [info] ClusteredTriangulationBase: cluster AoA estimated at -168.1698128356136 degrees (grad_x=-0.9092552997295881, grad_y=-0.1904533467774678)
[2025-12-10 15:59:37.123] [file_logger] [info] ClusteredTriangulationBase: cluster AoA estimated at -32.2678393376258 degrees (grad_x=0.44666778866168055, grad_y=-0.2820208618152473)
[2025-12-10 15:59:37.123] [file_logger] [info] ClusteredTriangulationBase: cluster AoA estimated at 28.62106116282775 degrees (grad_x=0.39493348922924243, grad_y=0.21551309267950236)
[2025-12-10 15:59:37.123] [file_logger] [info] ClusteredTriangulationBase: cluster AoA estimated at 97.42905533939211 degrees (grad_x=-0.22552224353481254, grad_y=1.7295575960315346)
[2025-12-10 15:59:37.281] [file_logger] [info] ClusteredTriangulationAlgorithm2: brute force search iteration found best point (x=-34.3, y=9.9) with cost 3462.5525871211057
[2025-12-10 15:59:37.397] [file_logger] [info] ClusteredTriangulationAlgorithm2: brute force search iteration found best point (x=-34.3, y=9.9) with cost 3462.5525871211057
[2025-12-10 15:59:37.397] [file_logger] [info] ClusteredTriangulationAlgorithm2: brute force search completed with best point (x=-34.3, y=9.9) and cost 3462.5525871211057
